[debug] [2025-04-08T20:51:08.339Z] ----------------------------------------------------------------------
[debug] [2025-04-08T20:51:08.340Z] Command:       /home/vipul-dixit/.nvm/versions/node/v23.8.0/bin/node /home/vipul-dixit/.nvm/versions/node/v23.8.0/bin/firebase login
[debug] [2025-04-08T20:51:08.340Z] CLI Version:   14.1.0
[debug] [2025-04-08T20:51:08.340Z] Platform:      linux
[debug] [2025-04-08T20:51:08.340Z] Node Version:  v23.8.0
[debug] [2025-04-08T20:51:08.340Z] Time:          Wed Apr 09 2025 02:21:08 GMT+0530 (India Standard Time)
[debug] [2025-04-08T20:51:08.340Z] ----------------------------------------------------------------------
[debug] 
[debug] [2025-04-08T20:51:08.342Z] >>> [apiv2][query] GET https://firebase-public.firebaseio.com/cli.json [none]
[info] i  Firebase optionally collects CLI and Emulator Suite usage and error reporting information to help improve our products. Data is collected in accordance with Google's privacy policy (https://policies.google.com/privacy) and is not used to identify you.
 
[debug] [2025-04-08T20:51:09.215Z] <<< [apiv2][status] GET https://firebase-public.firebaseio.com/cli.json 200
[debug] [2025-04-08T20:51:09.215Z] <<< [apiv2][body] GET https://firebase-public.firebaseio.com/cli.json {"cloudBuildErrorAfter":1594252800000,"cloudBuildWarnAfter":1590019200000,"defaultNode10After":1594252800000,"minVersion":"3.0.5","node8DeploysDisabledAfter":1613390400000,"node8RuntimeDisabledAfter":1615809600000,"node8WarnAfter":1600128000000}
[info] i  To change your data collection preference at any time, run `firebase logout` and log in again. 
[info] 
[info] Visit this URL on this device to log in:
[info] https://accounts.google.com/o/oauth2/auth?client_id=563584335869-fgrhgmd47bqnekij5i8b5pr03ho849e6.apps.googleusercontent.com&scope=email%20openid%20https%3A%2F%2Fwww.googleapis.com%2Fauth%2Fcloudplatformprojects.readonly%20https%3A%2F%2Fwww.googleapis.com%2Fauth%2Ffirebase%20https%3A%2F%2Fwww.googleapis.com%2Fauth%2Fcloud-platform&response_type=code&state=131489649&redirect_uri=http%3A%2F%2Flocalhost%3A9005
[info] 
[info] Waiting for authentication...
[debug] [2025-04-08T20:51:28.428Z] >>> [apiv2][query] POST https://accounts.google.com/o/oauth2/token [none]
[debug] [2025-04-08T20:51:28.428Z] >>> [apiv2][body] POST https://accounts.google.com/o/oauth2/token [omitted]
[debug] [2025-04-08T20:53:43.912Z] *** [apiv2] error from fetch(https://accounts.google.com/o/oauth2/token, {"headers":{},"method":"POST","body":{"_overheadLength":543,"_valueLength":208,"_valuesToMeasure":[],"writable":false,"readable":true,"dataSize":0,"maxDataSize":2097152,"pauseStreams":true,"_released":true,"_streams":[],"_currentStream":null,"_insideLoop":false,"_pendingNext":false,"_boundary":"--------------------------676957922806153033349566","_events":{},"_eventsCount":1}}): FetchError: request to https://accounts.google.com/o/oauth2/token failed, reason: 
[debug] [2025-04-08T20:53:43.912Z] Token Fetch Error: FirebaseError: Failed to make request to https://accounts.google.com/o/oauth2/token
    at RetryOperation._fn (/home/vipul-dixit/.nvm/versions/node/v23.8.0/lib/node_modules/firebase-tools/lib/apiv2.js:261:31)
    at process.processTicksAndRejections (node:internal/process/task_queues:105:5)
[error] Authentication Error: Your credentials are no longer valid. Please run firebase login --reauth

For CI servers and headless environments, generate a new token with firebase login:ci
[debug] [2025-04-08T20:53:43.918Z] >>> [apiv2][query] POST https://auth.firebase.tools/attest [none]
[debug] [2025-04-08T20:53:43.918Z] >>> [apiv2][body] POST https://auth.firebase.tools/attest {"session_id":"c278afd2-2d68-4472-8a9c-1790d9dc09ff"}
[debug] [2025-04-08T20:53:44.990Z] <<< [apiv2][status] POST https://auth.firebase.tools/attest 200
[debug] [2025-04-08T20:53:44.990Z] <<< [apiv2][body] POST https://auth.firebase.tools/attest {"token":"fDaIiEnITnxJSlrMDcXWqvfB_H0q55q_LYme6Cdxx28"}
[info] 
[info] To sign in to the Firebase CLI:
[info] 
[info] 1. Take note of your session ID:
[info] 
[info]    C278A
[info] 
[info] 2. Visit the URL below on any device and follow the instructions to get your code:
[info] 
[info]    https://auth.firebase.tools/login?code_challenge=G1yB-ukbLsSaLdKpip7OxDeSV6-CVVLZZDzJoGqa5hg&session=c278afd2-2d68-4472-8a9c-1790d9dc09ff&attest=fDaIiEnITnxJSlrMDcXWqvfB_H0q55q_LYme6Cdxx28
[info] 
[info] 3. Paste or enter the authorization code below once you have it:
[info] 
